# JRE version: OpenJDK Runtime Environment (8.0_152-b02) (build 1.8.0_152-release-1024-b02)
# Java VM: OpenJDK 64-Bit Server VM (25.152-b02 mixed mode windows-amd64 compressed oops)
Heap:
 PSYoungGen      total 272896K, used 20950K [0x00000000e0000000, 0x00000000fa200000, 0x0000000100000000)
  eden space 262144K, 7% used [0x00000000e0000000,0x00000000e1475858,0x00000000f0000000)
  from space 10752K, 0% used [0x00000000f0000000,0x00000000f0000000,0x00000000f0a80000)
  to   space 24576K, 0% used [0x00000000f8a00000,0x00000000f8a00000,0x00000000fa200000)
 ParOldGen       total 156672K, used 34022K [0x00000000a0000000, 0x00000000a9900000, 0x00000000e0000000)
  object space 156672K, 21% used [0x00000000a0000000,0x00000000a21398e8,0x00000000a9900000)
 Metaspace       used 60001K, capacity 61862K, committed 62040K, reserved 1103872K
  class space    used 8126K, capacity 8572K, committed 8576K, reserved 1048576K
GC Heap History (10 events):
Event: 12.783 GC heap before
{Heap before GC invocations=6 (full 1):
 PSYoungGen      total 208384K, used 35106K [0x00000000e0000000, 0x00000000f1500000, 0x0000000100000000)
  eden space 197632K, 12% used [0x00000000e0000000,0x00000000e17c9158,0x00000000ec100000)
  from space 10752K, 99% used [0x00000000f0a80000,0x00000000f14ffa68,0x00000000f1500000)
  to   space 10752K, 0% used [0x00000000f0000000,0x00000000f0000000,0x00000000f0a80000)
 ParOldGen       total 103424K, used 10957K [0x00000000a0000000, 0x00000000a6500000, 0x00000000e0000000)
  object space 103424K, 10% used [0x00000000a0000000,0x00000000a0ab35b0,0x00000000a6500000)
 Metaspace       used 34656K, capacity 35260K, committed 35416K, reserved 1079296K
  class space    used 4782K, capacity 4972K, committed 4992K, reserved 1048576K
Event: 12.806 GC heap after
Heap after GC invocations=6 (full 1):
 PSYoungGen      total 272896K, used 9314K [0x00000000e0000000, 0x00000000f4680000, 0x0000000100000000)
  eden space 262144K, 0% used [0x00000000e0000000,0x00000000e0000000,0x00000000f0000000)
  from space 10752K, 86% used [0x00000000f0000000,0x00000000f0918828,0x00000000f0a80000)
  to   space 13824K, 0% used [0x00000000f3900000,0x00000000f3900000,0x00000000f4680000)
 ParOldGen       total 103424K, used 10965K [0x00000000a0000000, 0x00000000a6500000, 0x00000000e0000000)
  object space 103424K, 10% used [0x00000000a0000000,0x00000000a0ab55b0,0x00000000a6500000)
 Metaspace       used 34656K, capacity 35260K, committed 35416K, reserved 1079296K
  class space    used 4782K, capacity 4972K, committed 4992K, reserved 1048576K
}
Event: 12.806 GC heap before
{Heap before GC invocations=7 (full 2):
 PSYoungGen      total 272896K, used 9314K [0x00000000e0000000, 0x00000000f4680000, 0x0000000100000000)
  eden space 262144K, 0% used [0x00000000e0000000,0x00000000e0000000,0x00000000f0000000)
  from space 10752K, 86% used [0x00000000f0000000,0x00000000f0918828,0x00000000f0a80000)
  to   space 13824K, 0% used [0x00000000f3900000,0x00000000f3900000,0x00000000f4680000)
 ParOldGen       total 103424K, used 10965K [0x00000000a0000000, 0x00000000a6500000, 0x00000000e0000000)
  object space 103424K, 10% used [0x00000000a0000000,0x00000000a0ab55b0,0x00000000a6500000)
 Metaspace       used 34656K, capacity 35260K, committed 35416K, reserved 1079296K
  class space    used 4782K, capacity 4972K, committed 4992K, reserved 1048576K
Event: 12.892 GC heap after
Heap after GC invocations=7 (full 2):
 PSYoungGen      total 272896K, used 0K [0x00000000e0000000, 0x00000000f4680000, 0x0000000100000000)
  eden space 262144K, 0% used [0x00000000e0000000,0x00000000e0000000,0x00000000f0000000)
  from space 10752K, 0% used [0x00000000f0000000,0x00000000f0000000,0x00000000f0a80000)
  to   space 13824K, 0% used [0x00000000f3900000,0x00000000f3900000,0x00000000f4680000)
 ParOldGen       total 156672K, used 16070K [0x00000000a0000000, 0x00000000a9900000, 0x00000000e0000000)
  object space 156672K, 10% used [0x00000000a0000000,0x00000000a0fb1a18,0x00000000a9900000)
 Metaspace       used 34656K, capacity 35260K, committed 35416K, reserved 1079296K
  class space    used 4782K, capacity 4972K, committed 4992K, reserved 1048576K
}
Event: 24.359 GC heap before
{Heap before GC invocations=8 (full 2):
 PSYoungGen      total 272896K, used 262144K [0x00000000e0000000, 0x00000000f4680000, 0x0000000100000000)
  eden space 262144K, 100% used [0x00000000e0000000,0x00000000f0000000,0x00000000f0000000)
  from space 10752K, 0% used [0x00000000f0000000,0x00000000f0000000,0x00000000f0a80000)
  to   space 13824K, 0% used [0x00000000f3900000,0x00000000f3900000,0x00000000f4680000)
 ParOldGen       total 156672K, used 16070K [0x00000000a0000000, 0x00000000a9900000, 0x00000000e0000000)
  object space 156672K, 10% used [0x00000000a0000000,0x00000000a0fb1a18,0x00000000a9900000)
 Metaspace       used 53181K, capacity 54760K, committed 54872K, reserved 1095680K
  class space    used 7305K, capacity 7709K, committed 7808K, reserved 1048576K
Event: 24.414 GC heap after
Heap after GC invocations=8 (full 2):
 PSYoungGen      total 275968K, used 13821K [0x00000000e0000000, 0x00000000f4680000, 0x0000000100000000)
  eden space 262144K, 0% used [0x00000000e0000000,0x00000000e0000000,0x00000000f0000000)
  from space 13824K, 99% used [0x00000000f3900000,0x00000000f467f500,0x00000000f4680000)
  to   space 10752K, 0% used [0x00000000f0000000,0x00000000f0000000,0x00000000f0a80000)
 ParOldGen       total 156672K, used 27500K [0x00000000a0000000, 0x00000000a9900000, 0x00000000e0000000)
  object space 156672K, 17% used [0x00000000a0000000,0x00000000a1adb2b8,0x00000000a9900000)
 Metaspace       used 53181K, capacity 54760K, committed 54872K, reserved 1095680K
  class space    used 7305K, capacity 7709K, committed 7808K, reserved 1048576K
}
Event: 38.439 GC heap before
{Heap before GC invocations=9 (full 2):
 PSYoungGen      total 275968K, used 142670K [0x00000000e0000000, 0x00000000f4680000, 0x0000000100000000)
  eden space 262144K, 49% used [0x00000000e0000000,0x00000000e7dd4600,0x00000000f0000000)
  from space 13824K, 99% used [0x00000000f3900000,0x00000000f467f500,0x00000000f4680000)
  to   space 10752K, 0% used [0x00000000f0000000,0x00000000f0000000,0x00000000f0a80000)
 ParOldGen       total 156672K, used 27500K [0x00000000a0000000, 0x00000000a9900000, 0x00000000e0000000)
  object space 156672K, 17% used [0x00000000a0000000,0x00000000a1adb2b8,0x00000000a9900000)
 Metaspace       used 56988K, capacity 58862K, committed 58968K, reserved 1099776K
  class space    used 7737K, capacity 8216K, committed 8320K, reserved 1048576K
Event: 38.483 GC heap after
Heap after GC invocations=9 (full 2):
 PSYoungGen      total 272896K, used 10736K [0x00000000e0000000, 0x00000000fa200000, 0x0000000100000000)
  eden space 262144K, 0% used [0x00000000e0000000,0x00000000e0000000,0x00000000f0000000)
  from space 10752K, 99% used [0x00000000f0000000,0x00000000f0a7c240,0x00000000f0a80000)
  to   space 24576K, 0% used [0x00000000f8a00000,0x00000000f8a00000,0x00000000fa200000)
 ParOldGen       total 156672K, used 37879K [0x00000000a0000000, 0x00000000a9900000, 0x00000000e0000000)
  object space 156672K, 24% used [0x00000000a0000000,0x00000000a24fdf20,0x00000000a9900000)
 Metaspace       used 56988K, capacity 58862K, committed 58968K, reserved 1099776K
  class space    used 7737K, capacity 8216K, committed 8320K, reserved 1048576K
}
Event: 38.483 GC heap before
{Heap before GC invocations=10 (full 3):
 PSYoungGen      total 272896K, used 10736K [0x00000000e0000000, 0x00000000fa200000, 0x0000000100000000)
  eden space 262144K, 0% used [0x00000000e0000000,0x00000000e0000000,0x00000000f0000000)
  from space 10752K, 99% used [0x00000000f0000000,0x00000000f0a7c240,0x00000000f0a80000)
  to   space 24576K, 0% used [0x00000000f8a00000,0x00000000f8a00000,0x00000000fa200000)
 ParOldGen       total 156672K, used 37879K [0x00000000a0000000, 0x00000000a9900000, 0x00000000e0000000)
  object space 156672K, 24% used [0x00000000a0000000,0x00000000a24fdf20,0x00000000a9900000)
 Metaspace       used 56988K, capacity 58862K, committed 58968K, reserved 1099776K
  class space    used 7737K, capacity 8216K, committed 8320K, reserved 1048576K
Event: 38.914 GC heap after
Heap after GC invocations=10 (full 3):
 PSYoungGen      total 272896K, used 0K [0x00000000e0000000, 0x00000000fa200000, 0x0000000100000000)
  eden space 262144K, 0% used [0x00000000e0000000,0x00000000e0000000,0x00000000f0000000)
  from space 10752K, 0% used [0x00000000f0000000,0x00000000f0000000,0x00000000f0a80000)
  to   space 24576K, 0% used [0x00000000f8a00000,0x00000000f8a00000,0x00000000fa200000)
 ParOldGen       total 156672K, used 34022K [0x00000000a0000000, 0x00000000a9900000, 0x00000000e0000000)
  object space 156672K, 21% used [0x00000000a0000000,0x00000000a21398e8,0x00000000a9900000)
 Metaspace       used 56988K, capacity 58862K, committed 58968K, reserved 1099776K
  class space    used 7737K, capacity 8216K, committed 8320K, reserved 1048576K
}

